<?xml version="1.0" encoding="UTF-8"?>
<testng-results skipped="0" failed="0" ignored="0" total="1" passed="1">
  <reporter-output>
  </reporter-output>
  <suite name="Default suite" duration-ms="13755" started-at="2019-01-04T05:09:05Z" finished-at="2019-01-04T05:09:19Z">
    <groups>
    </groups>
    <test name="Default test" duration-ms="13755" started-at="2019-01-04T05:09:05Z" finished-at="2019-01-04T05:09:19Z">
      <class name="com.Jenkins.sample.com.Jenkins.sample.LuanchApplication">
        <test-method status="PASS" signature="beforeTest()[pri:0, instance:com.Jenkins.sample.com.Jenkins.sample.LuanchApplication@5c7fa833]" name="beforeTest" is-config="true" duration-ms="10604" started-at="2019-01-04T10:39:05Z" finished-at="2019-01-04T10:39:15Z">
          <reporter-output>
          </reporter-output>
        </test-method> <!-- beforeTest -->
        <test-method status="PASS" signature="f()[pri:0, instance:com.Jenkins.sample.com.Jenkins.sample.LuanchApplication@5c7fa833]" name="f" duration-ms="8" started-at="2019-01-04T10:39:15Z" finished-at="2019-01-04T10:39:15Z">
          <reporter-output>
          </reporter-output>
        </test-method> <!-- f -->
        <test-method status="PASS" signature="afterTest()[pri:0, instance:com.Jenkins.sample.com.Jenkins.sample.LuanchApplication@5c7fa833]" name="afterTest" is-config="true" duration-ms="3091" started-at="2019-01-04T10:39:15Z" finished-at="2019-01-04T10:39:19Z">
          <reporter-output>
          </reporter-output>
        </test-method> <!-- afterTest -->
      </class> <!-- com.Jenkins.sample.com.Jenkins.sample.LuanchApplication -->
    </test> <!-- Default test -->
  </suite> <!-- Default suite -->
</testng-results>
